<?xml version="1.0" encoding="UTF-8"?>
<testsuite xmlns:xsi="http://www.w3.org/2001/XMLSchema-instance" xsi:noNamespaceSchemaLocation="https://maven.apache.org/surefire/maven-surefire-plugin/xsd/surefire-test-report-3.0.xsd" version="3.0" name="org.maven.proj.ApiClientGetResortsTest" time="0.02" tests="0" errors="0" skipped="0" failures="0">
  <properties>
    <property name="java.specification.version" value="19"/>
    <property name="sun.jnu.encoding" value="UTF-8"/>
    <property name="java.class.path" value="/Users/franniezhou/Desktop/6650/projects/Proj-6650/target/test-classes:/Users/franniezhou/Desktop/6650/projects/Proj-6650/target/classes:/Users/franniezhou/.m2/repository/javax/servlet/javax.servlet-api/4.0.1/javax.servlet-api-4.0.1.jar:/Users/franniezhou/.m2/repository/junit/junit/3.8.1/junit-3.8.1.jar:/Users/franniezhou/.m2/repository/io/swagger/swagger-java-client/1.0.0/swagger-java-client-1.0.0.jar:/Users/franniezhou/.m2/repository/javax/annotation/javax.annotation-api/1.3.2/javax.annotation-api-1.3.2.jar:/Users/franniezhou/.m2/repository/org/apache/httpcomponents/httpclient/4.5.14/httpclient-4.5.14.jar:/Users/franniezhou/.m2/repository/org/apache/httpcomponents/httpcore/4.4.16/httpcore-4.4.16.jar:/Users/franniezhou/.m2/repository/commons-logging/commons-logging/1.2/commons-logging-1.2.jar:/Users/franniezhou/.m2/repository/commons-codec/commons-codec/1.11/commons-codec-1.11.jar:/Users/franniezhou/.m2/repository/com/squareup/okhttp/okhttp/2.7.5/okhttp-2.7.5.jar:/Users/franniezhou/.m2/repository/com/squareup/okio/okio/1.6.0/okio-1.6.0.jar:/Users/franniezhou/.m2/repository/com/google/code/gson/gson/2.8.1/gson-2.8.1.jar:/Users/franniezhou/.m2/repository/io/gsonfire/gson-fire/1.8.3/gson-fire-1.8.3.jar:/Users/franniezhou/.m2/repository/org/threeten/threetenbp/1.3.5/threetenbp-1.3.5.jar:"/>
    <property name="java.vm.vendor" value="Oracle Corporation"/>
    <property name="sun.arch.data.model" value="64"/>
    <property name="java.vendor.url" value="https://java.oracle.com/"/>
    <property name="os.name" value="Mac OS X"/>
    <property name="java.vm.specification.version" value="19"/>
    <property name="sun.java.launcher" value="SUN_STANDARD"/>
    <property name="user.country" value="US"/>
    <property name="sun.boot.library.path" value="/Users/franniezhou/Library/Java/JavaVirtualMachines/openjdk-19.0.1/Contents/Home/lib"/>
    <property name="sun.java.command" value="/Users/franniezhou/Desktop/6650/projects/Proj-6650/target/surefire/surefirebooter-20240208180711317_3.jar /Users/franniezhou/Desktop/6650/projects/Proj-6650/target/surefire 2024-02-08T18-07-11_114-jvmRun1 surefire-20240208180711317_1tmp surefire_0-20240208180711317_2tmp"/>
    <property name="http.nonProxyHosts" value="local|*.local|169.254/16|*.169.254/16"/>
    <property name="jdk.debug" value="release"/>
    <property name="surefire.test.class.path" value="/Users/franniezhou/Desktop/6650/projects/Proj-6650/target/test-classes:/Users/franniezhou/Desktop/6650/projects/Proj-6650/target/classes:/Users/franniezhou/.m2/repository/javax/servlet/javax.servlet-api/4.0.1/javax.servlet-api-4.0.1.jar:/Users/franniezhou/.m2/repository/junit/junit/3.8.1/junit-3.8.1.jar:/Users/franniezhou/.m2/repository/io/swagger/swagger-java-client/1.0.0/swagger-java-client-1.0.0.jar:/Users/franniezhou/.m2/repository/javax/annotation/javax.annotation-api/1.3.2/javax.annotation-api-1.3.2.jar:/Users/franniezhou/.m2/repository/org/apache/httpcomponents/httpclient/4.5.14/httpclient-4.5.14.jar:/Users/franniezhou/.m2/repository/org/apache/httpcomponents/httpcore/4.4.16/httpcore-4.4.16.jar:/Users/franniezhou/.m2/repository/commons-logging/commons-logging/1.2/commons-logging-1.2.jar:/Users/franniezhou/.m2/repository/commons-codec/commons-codec/1.11/commons-codec-1.11.jar:/Users/franniezhou/.m2/repository/com/squareup/okhttp/okhttp/2.7.5/okhttp-2.7.5.jar:/Users/franniezhou/.m2/repository/com/squareup/okio/okio/1.6.0/okio-1.6.0.jar:/Users/franniezhou/.m2/repository/com/google/code/gson/gson/2.8.1/gson-2.8.1.jar:/Users/franniezhou/.m2/repository/io/gsonfire/gson-fire/1.8.3/gson-fire-1.8.3.jar:/Users/franniezhou/.m2/repository/org/threeten/threetenbp/1.3.5/threetenbp-1.3.5.jar:"/>
    <property name="sun.cpu.endian" value="little"/>
    <property name="user.home" value="/Users/franniezhou"/>
    <property name="user.language" value="en"/>
    <property name="java.specification.vendor" value="Oracle Corporation"/>
    <property name="java.version.date" value="2022-10-18"/>
    <property name="java.home" value="/Users/franniezhou/Library/Java/JavaVirtualMachines/openjdk-19.0.1/Contents/Home"/>
    <property name="file.separator" value="/"/>
    <property name="basedir" value="/Users/franniezhou/Desktop/6650/projects/Proj-6650"/>
    <property name="java.vm.compressedOopsMode" value="Zero based"/>
    <property name="line.separator" value="&#10;"/>
    <property name="java.vm.specification.vendor" value="Oracle Corporation"/>
    <property name="java.specification.name" value="Java Platform API Specification"/>
    <property name="apple.awt.application.name" value="ForkedBooter"/>
    <property name="surefire.real.class.path" value="/Users/franniezhou/Desktop/6650/projects/Proj-6650/target/surefire/surefirebooter-20240208180711317_3.jar"/>
    <property name="sun.management.compiler" value="HotSpot 64-Bit Tiered Compilers"/>
    <property name="ftp.nonProxyHosts" value="local|*.local|169.254/16|*.169.254/16"/>
    <property name="java.runtime.version" value="19.0.1+10-21"/>
    <property name="user.name" value="franniezhou"/>
    <property name="stdout.encoding" value="UTF-8"/>
    <property name="path.separator" value=":"/>
    <property name="os.version" value="14.0"/>
    <property name="java.runtime.name" value="OpenJDK Runtime Environment"/>
    <property name="file.encoding" value="UTF-8"/>
    <property name="java.vm.name" value="OpenJDK 64-Bit Server VM"/>
    <property name="localRepository" value="/Users/franniezhou/.m2/repository"/>
    <property name="java.vendor.url.bug" value="https://bugreport.java.com/bugreport/"/>
    <property name="java.io.tmpdir" value="/var/folders/8_/1sk79r2j4yjbcn7myhdgyry40000gn/T/"/>
    <property name="java.version" value="19.0.1"/>
    <property name="user.dir" value="/Users/franniezhou/Desktop/6650/projects/Proj-6650"/>
    <property name="os.arch" value="x86_64"/>
    <property name="java.vm.specification.name" value="Java Virtual Machine Specification"/>
    <property name="native.encoding" value="UTF-8"/>
    <property name="java.library.path" value="/Users/franniezhou/Library/Java/Extensions:/Library/Java/Extensions:/Network/Library/Java/Extensions:/System/Library/Java/Extensions:/usr/lib/java:."/>
    <property name="java.vm.info" value="mixed mode, sharing"/>
    <property name="stderr.encoding" value="UTF-8"/>
    <property name="java.vendor" value="Oracle Corporation"/>
    <property name="java.vm.version" value="19.0.1+10-21"/>
    <property name="sun.io.unicode.encoding" value="UnicodeBig"/>
    <property name="socksNonProxyHosts" value="local|*.local|169.254/16|*.169.254/16"/>
    <property name="java.class.version" value="63.0"/>
  </properties>
</testsuite>